<?xml version="1.0" encoding="UTF-8"?>
<testsuite name="BuilderTest" tests="1" skipped="0" failures="0" errors="0" timestamp="2023-10-08T12:01:47" hostname="MBP-Danil" time="0.01">
  <properties/>
  <testcase name="shouldCreateEntityWithBuilderWay()" classname="BuilderTest" time="0.01"/>
  <system-out><![CDATA[]]></system-out>
  <system-err><![CDATA[]]></system-err>
</testsuite>
